WARNING - 2025-08-04 00:54:56 --> [DEPRECATED] Creation of dynamic property App\Controllers\Home::$pager is deprecated in APPPATH\Controllers\Home.php on line 14.
 1 SYSTEMPATH\CodeIgniter.php(903): App\Controllers\Home->__construct()
 2 SYSTEMPATH\CodeIgniter.php(498): CodeIgniter\CodeIgniter->createController()
 3 SYSTEMPATH\CodeIgniter.php(354): CodeIgniter\CodeIgniter->handleRequest(null, Object(Config\Cache), false)
 4 SYSTEMPATH\Boot.php(334): CodeIgniter\CodeIgniter->run()
 5 SYSTEMPATH\Boot.php(67): CodeIgniter\Boot::runCodeIgniter(Object(CodeIgniter\CodeIgniter))
 6 FCPATH\index.php(56): CodeIgniter\Boot::bootWeb(Object(Config\Paths))
DEBUG - 2025-08-04 00:54:57 --> Session: Class initialized using 'CodeIgniter\Session\Handlers\FileHandler' driver.
WARNING - 2025-08-04 00:54:57 --> [DEPRECATED] json_decode(): Passing null to parameter #1 ($json) of type string is deprecated in APPPATH\Helpers\My_helper.php on line 391.
 1 APPPATH\Helpers\My_helper.php(391): json_decode(null)
 2 APPPATH\Views\web\card\advocate-grid.php(12): image_check(null, 'user.png')
 3 SYSTEMPATH\View\View.php(224): include('D:\\xamp\\htdocs\\projects\\rajkumar\\legalfirmnew\\app\\Views\\web\\card\\advocate-grid.php')
 4 SYSTEMPATH\View\View.php(227): CodeIgniter\View\View->CodeIgniter\View\{closure}()
 5 SYSTEMPATH\Common.php(1173): CodeIgniter\View\View->render('web/card/advocate-grid', [], true)
 6 APPPATH\Views\web\index.php(118): view('web/card/advocate-grid', [...])
 7 SYSTEMPATH\View\View.php(224): include('D:\\xamp\\htdocs\\projects\\rajkumar\\legalfirmnew\\app\\Views\\web\\index.php')
 8 SYSTEMPATH\View\View.php(227): CodeIgniter\View\View->CodeIgniter\View\{closure}()
 9 SYSTEMPATH\Common.php(1173): CodeIgniter\View\View->render('web/index.php', [], true)
10 APPPATH\Controllers\Home.php(43): view('web/index.php', [...])
11 SYSTEMPATH\CodeIgniter.php(933): App\Controllers\Home->all('index.php', '')
12 SYSTEMPATH\CodeIgniter.php(507): CodeIgniter\CodeIgniter->runController(Object(App\Controllers\Home))
13 SYSTEMPATH\CodeIgniter.php(354): CodeIgniter\CodeIgniter->handleRequest(null, Object(Config\Cache), false)
14 SYSTEMPATH\Boot.php(334): CodeIgniter\CodeIgniter->run()
15 SYSTEMPATH\Boot.php(67): CodeIgniter\Boot::runCodeIgniter(Object(CodeIgniter\CodeIgniter))
16 FCPATH\index.php(56): CodeIgniter\Boot::bootWeb(Object(Config\Paths))
WARNING - 2025-08-04 00:54:57 --> [DEPRECATED] json_decode(): Passing null to parameter #1 ($json) of type string is deprecated in APPPATH\Helpers\My_helper.php on line 391.
 1 APPPATH\Helpers\My_helper.php(391): json_decode(null)
 2 APPPATH\Views\web\card\adviser-grid.php(11): image_check(null, 'user.png')
 3 SYSTEMPATH\View\View.php(224): include('D:\\xamp\\htdocs\\projects\\rajkumar\\legalfirmnew\\app\\Views\\web\\card\\adviser-grid.php')
 4 SYSTEMPATH\View\View.php(227): CodeIgniter\View\View->CodeIgniter\View\{closure}()
 5 SYSTEMPATH\Common.php(1173): CodeIgniter\View\View->render('web/card/adviser-grid', [], true)
 6 APPPATH\Views\web\index.php(178): view('web/card/adviser-grid', [...])
 7 SYSTEMPATH\View\View.php(224): include('D:\\xamp\\htdocs\\projects\\rajkumar\\legalfirmnew\\app\\Views\\web\\index.php')
 8 SYSTEMPATH\View\View.php(227): CodeIgniter\View\View->CodeIgniter\View\{closure}()
 9 SYSTEMPATH\Common.php(1173): CodeIgniter\View\View->render('web/index.php', [], true)
10 APPPATH\Controllers\Home.php(43): view('web/index.php', [...])
11 SYSTEMPATH\CodeIgniter.php(933): App\Controllers\Home->all('index.php', '')
12 SYSTEMPATH\CodeIgniter.php(507): CodeIgniter\CodeIgniter->runController(Object(App\Controllers\Home))
13 SYSTEMPATH\CodeIgniter.php(354): CodeIgniter\CodeIgniter->handleRequest(null, Object(Config\Cache), false)
14 SYSTEMPATH\Boot.php(334): CodeIgniter\CodeIgniter->run()
15 SYSTEMPATH\Boot.php(67): CodeIgniter\Boot::runCodeIgniter(Object(CodeIgniter\CodeIgniter))
16 FCPATH\index.php(56): CodeIgniter\Boot::bootWeb(Object(Config\Paths))
WARNING - 2025-08-04 00:54:57 --> [DEPRECATED] json_decode(): Passing null to parameter #1 ($json) of type string is deprecated in APPPATH\Helpers\My_helper.php on line 391.
 1 APPPATH\Helpers\My_helper.php(391): json_decode(null)
 2 APPPATH\Views\web\card\ca-grid.php(11): image_check(null, 'user.png')
 3 SYSTEMPATH\View\View.php(224): include('D:\\xamp\\htdocs\\projects\\rajkumar\\legalfirmnew\\app\\Views\\web\\card\\ca-grid.php')
 4 SYSTEMPATH\View\View.php(227): CodeIgniter\View\View->CodeIgniter\View\{closure}()
 5 SYSTEMPATH\Common.php(1173): CodeIgniter\View\View->render('web/card/ca-grid', [], true)
 6 APPPATH\Views\web\index.php(259): view('web/card/ca-grid', [...])
 7 SYSTEMPATH\View\View.php(224): include('D:\\xamp\\htdocs\\projects\\rajkumar\\legalfirmnew\\app\\Views\\web\\index.php')
 8 SYSTEMPATH\View\View.php(227): CodeIgniter\View\View->CodeIgniter\View\{closure}()
 9 SYSTEMPATH\Common.php(1173): CodeIgniter\View\View->render('web/index.php', [], true)
10 APPPATH\Controllers\Home.php(43): view('web/index.php', [...])
11 SYSTEMPATH\CodeIgniter.php(933): App\Controllers\Home->all('index.php', '')
12 SYSTEMPATH\CodeIgniter.php(507): CodeIgniter\CodeIgniter->runController(Object(App\Controllers\Home))
13 SYSTEMPATH\CodeIgniter.php(354): CodeIgniter\CodeIgniter->handleRequest(null, Object(Config\Cache), false)
14 SYSTEMPATH\Boot.php(334): CodeIgniter\CodeIgniter->run()
15 SYSTEMPATH\Boot.php(67): CodeIgniter\Boot::runCodeIgniter(Object(CodeIgniter\CodeIgniter))
16 FCPATH\index.php(56): CodeIgniter\Boot::bootWeb(Object(Config\Paths))
WARNING - 2025-08-04 00:55:20 --> [DEPRECATED] Creation of dynamic property App\Controllers\Home::$pager is deprecated in APPPATH\Controllers\Home.php on line 14.
 1 SYSTEMPATH\CodeIgniter.php(903): App\Controllers\Home->__construct()
 2 SYSTEMPATH\CodeIgniter.php(498): CodeIgniter\CodeIgniter->createController()
 3 SYSTEMPATH\CodeIgniter.php(354): CodeIgniter\CodeIgniter->handleRequest(null, Object(Config\Cache), false)
 4 SYSTEMPATH\Boot.php(334): CodeIgniter\CodeIgniter->run()
 5 SYSTEMPATH\Boot.php(67): CodeIgniter\Boot::runCodeIgniter(Object(CodeIgniter\CodeIgniter))
 6 FCPATH\index.php(56): CodeIgniter\Boot::bootWeb(Object(Config\Paths))
DEBUG - 2025-08-04 00:55:20 --> Session: Class initialized using 'CodeIgniter\Session\Handlers\FileHandler' driver.
WARNING - 2025-08-04 00:55:23 --> [DEPRECATED] Creation of dynamic property App\Controllers\Home::$pager is deprecated in APPPATH\Controllers\Home.php on line 14.
 1 SYSTEMPATH\CodeIgniter.php(903): App\Controllers\Home->__construct()
 2 SYSTEMPATH\CodeIgniter.php(498): CodeIgniter\CodeIgniter->createController()
 3 SYSTEMPATH\CodeIgniter.php(354): CodeIgniter\CodeIgniter->handleRequest(null, Object(Config\Cache), false)
 4 SYSTEMPATH\Boot.php(334): CodeIgniter\CodeIgniter->run()
 5 SYSTEMPATH\Boot.php(67): CodeIgniter\Boot::runCodeIgniter(Object(CodeIgniter\CodeIgniter))
 6 FCPATH\index.php(56): CodeIgniter\Boot::bootWeb(Object(Config\Paths))
DEBUG - 2025-08-04 00:55:23 --> Session: Class initialized using 'CodeIgniter\Session\Handlers\FileHandler' driver.
WARNING - 2025-08-04 00:55:23 --> [DEPRECATED] json_decode(): Passing null to parameter #1 ($json) of type string is deprecated in APPPATH\Helpers\My_helper.php on line 391.
 1 APPPATH\Helpers\My_helper.php(391): json_decode(null)
 2 APPPATH\Views\web\card\advocate-grid.php(12): image_check(null, 'user.png')
 3 SYSTEMPATH\View\View.php(224): include('D:\\xamp\\htdocs\\projects\\rajkumar\\legalfirmnew\\app\\Views\\web\\card\\advocate-grid.php')
 4 SYSTEMPATH\View\View.php(227): CodeIgniter\View\View->CodeIgniter\View\{closure}()
 5 SYSTEMPATH\Common.php(1173): CodeIgniter\View\View->render('web/card/advocate-grid', [], true)
 6 APPPATH\Views\web\partners.php(376): view('web/card/advocate-grid', [...])
 7 SYSTEMPATH\View\View.php(224): include('D:\\xamp\\htdocs\\projects\\rajkumar\\legalfirmnew\\app\\Views\\web\\partners.php')
 8 SYSTEMPATH\View\View.php(227): CodeIgniter\View\View->CodeIgniter\View\{closure}()
 9 SYSTEMPATH\Common.php(1173): CodeIgniter\View\View->render('web/partners.php', [], true)
10 APPPATH\Controllers\Home.php(43): view('web/partners.php', [...])
11 SYSTEMPATH\CodeIgniter.php(933): App\Controllers\Home->all('partners.php')
12 SYSTEMPATH\CodeIgniter.php(507): CodeIgniter\CodeIgniter->runController(Object(App\Controllers\Home))
13 SYSTEMPATH\CodeIgniter.php(354): CodeIgniter\CodeIgniter->handleRequest(null, Object(Config\Cache), false)
14 SYSTEMPATH\Boot.php(334): CodeIgniter\CodeIgniter->run()
15 SYSTEMPATH\Boot.php(67): CodeIgniter\Boot::runCodeIgniter(Object(CodeIgniter\CodeIgniter))
16 FCPATH\index.php(56): CodeIgniter\Boot::bootWeb(Object(Config\Paths))
WARNING - 2025-08-04 00:55:25 --> [DEPRECATED] Creation of dynamic property App\Controllers\Home::$pager is deprecated in APPPATH\Controllers\Home.php on line 14.
 1 SYSTEMPATH\CodeIgniter.php(903): App\Controllers\Home->__construct()
 2 SYSTEMPATH\CodeIgniter.php(498): CodeIgniter\CodeIgniter->createController()
 3 SYSTEMPATH\CodeIgniter.php(354): CodeIgniter\CodeIgniter->handleRequest(null, Object(Config\Cache), false)
 4 SYSTEMPATH\Boot.php(334): CodeIgniter\CodeIgniter->run()
 5 SYSTEMPATH\Boot.php(67): CodeIgniter\Boot::runCodeIgniter(Object(CodeIgniter\CodeIgniter))
 6 FCPATH\index.php(56): CodeIgniter\Boot::bootWeb(Object(Config\Paths))
DEBUG - 2025-08-04 00:55:25 --> Session: Class initialized using 'CodeIgniter\Session\Handlers\FileHandler' driver.
WARNING - 2025-08-04 00:55:25 --> [DEPRECATED] number_format(): Passing null to parameter #1 ($num) of type float is deprecated in APPPATH\Helpers\My_helper.php on line 302.
 1 APPPATH\Helpers\My_helper.php(302): number_format(null, 2)
 2 APPPATH\Views\web\partner-profile.php(108): price_formate(null)
 3 SYSTEMPATH\View\View.php(224): include('D:\\xamp\\htdocs\\projects\\rajkumar\\legalfirmnew\\app\\Views\\web\\partner-profile.php')
 4 SYSTEMPATH\View\View.php(227): CodeIgniter\View\View->CodeIgniter\View\{closure}()
 5 SYSTEMPATH\Common.php(1173): CodeIgniter\View\View->render('web/partner-profile.php', [], true)
 6 APPPATH\Controllers\Home.php(43): view('web/partner-profile.php', [...])
 7 SYSTEMPATH\CodeIgniter.php(933): App\Controllers\Home->all('partner-profile.php', 'b2tKeC9idVN0Kzl5cVZiVlBLbDZ2UT09')
 8 SYSTEMPATH\CodeIgniter.php(507): CodeIgniter\CodeIgniter->runController(Object(App\Controllers\Home))
 9 SYSTEMPATH\CodeIgniter.php(354): CodeIgniter\CodeIgniter->handleRequest(null, Object(Config\Cache), false)
10 SYSTEMPATH\Boot.php(334): CodeIgniter\CodeIgniter->run()
11 SYSTEMPATH\Boot.php(67): CodeIgniter\Boot::runCodeIgniter(Object(CodeIgniter\CodeIgniter))
12 FCPATH\index.php(56): CodeIgniter\Boot::bootWeb(Object(Config\Paths))
